# JRE version: OpenJDK Runtime Environment Temurin-17.0.11+9 (17.0.11+9) (build 17.0.11+9)
# Java VM: OpenJDK 64-Bit Server VM Temurin-17.0.11+9 (17.0.11+9, mixed mode, tiered, compressed oops, compressed class ptrs, parallel gc, windows-amd64)
GC Precious Log:
 CPUs: 8 total, 8 available
 Memory: 8028M
 Large Page Support: Disabled
 NUMA Support: Disabled
 Compressed Oops: Enabled (32-bit)
 Alignments: Space 512K, Generation 512K, Heap 2M
 Heap Min Capacity: 100M
 Heap Initial Capacity: 100M
 Heap Max Capacity: 1G
 Pre-touch: Disabled
 Parallel Workers: 8
Heap:
 PSYoungGen      total 6144K, used 3319K [0x00000000eab00000, 0x00000000eb900000, 0x0000000100000000)
  eden space 5632K, 49% used [0x00000000eab00000,0x00000000eadbdc60,0x00000000eb080000)
  from space 512K, 100% used [0x00000000eb880000,0x00000000eb900000,0x00000000eb900000)
  to   space 2560K, 0% used [0x00000000eb400000,0x00000000eb400000,0x00000000eb680000)
 ParOldGen       total 122368K, used 96933K [0x00000000c0000000, 0x00000000c7780000, 0x00000000eab00000)
  object space 122368K, 79% used [0x00000000c0000000,0x00000000c5ea9438,0x00000000c7780000)
 Metaspace       used 75575K, committed 76864K, reserved 1179648K
  class space    used 7825K, committed 8384K, reserved 1048576K
GC Heap History (20 events):
Event: 4775.891 GC heap before
{Heap before GC invocations=90 (full 5):
 PSYoungGen      total 6144K, used 6016K [0x00000000eab00000, 0x00000000ebd00000, 0x0000000100000000)
  eden space 5632K, 97% used [0x00000000eab00000,0x00000000eb061708,0x00000000eb080000)
  from space 512K, 98% used [0x00000000ebc80000,0x00000000ebcfe900,0x00000000ebd00000)
  to   space 1536K, 0% used [0x00000000eba00000,0x00000000eba00000,0x00000000ebb80000)
 ParOldGen       total 122368K, used 88466K [0x00000000c0000000, 0x00000000c7780000, 0x00000000eab00000)
  object space 122368K, 72% used [0x00000000c0000000,0x00000000c5664948,0x00000000c7780000)
 Metaspace       used 74698K, committed 75968K, reserved 1179648K
  class space    used 7779K, committed 8320K, reserved 1048576K
}
Event: 4775.899 GC heap after
{Heap after GC invocations=90 (full 5):
 PSYoungGen      total 7168K, used 1517K [0x00000000eab00000, 0x00000000ebd00000, 0x0000000100000000)
  eden space 5632K, 0% used [0x00000000eab00000,0x00000000eab00000,0x00000000eb080000)
  from space 1536K, 98% used [0x00000000eba00000,0x00000000ebb7b738,0x00000000ebb80000)
  to   space 1536K, 0% used [0x00000000ebb80000,0x00000000ebb80000,0x00000000ebd00000)
 ParOldGen       total 122368K, used 91796K [0x00000000c0000000, 0x00000000c7780000, 0x00000000eab00000)
  object space 122368K, 75% used [0x00000000c0000000,0x00000000c59a5038,0x00000000c7780000)
 Metaspace       used 74698K, committed 75968K, reserved 1179648K
  class space    used 7779K, committed 8320K, reserved 1048576K
}
Event: 4776.043 GC heap before
{Heap before GC invocations=91 (full 5):
 PSYoungGen      total 7168K, used 7149K [0x00000000eab00000, 0x00000000ebd00000, 0x0000000100000000)
  eden space 5632K, 100% used [0x00000000eab00000,0x00000000eb080000,0x00000000eb080000)
  from space 1536K, 98% used [0x00000000eba00000,0x00000000ebb7b738,0x00000000ebb80000)
  to   space 1536K, 0% used [0x00000000ebb80000,0x00000000ebb80000,0x00000000ebd00000)
 ParOldGen       total 122368K, used 91796K [0x00000000c0000000, 0x00000000c7780000, 0x00000000eab00000)
  object space 122368K, 75% used [0x00000000c0000000,0x00000000c59a5038,0x00000000c7780000)
 Metaspace       used 74747K, committed 76032K, reserved 1179648K
  class space    used 7779K, committed 8320K, reserved 1048576K
}
Event: 4776.045 GC heap after
{Heap after GC invocations=91 (full 5):
 PSYoungGen      total 7168K, used 1528K [0x00000000eab00000, 0x00000000ebd00000, 0x0000000100000000)
  eden space 5632K, 0% used [0x00000000eab00000,0x00000000eab00000,0x00000000eb080000)
  from space 1536K, 99% used [0x00000000ebb80000,0x00000000ebcfe160,0x00000000ebd00000)
  to   space 4608K, 0% used [0x00000000eb400000,0x00000000eb400000,0x00000000eb880000)
 ParOldGen       total 122368K, used 94480K [0x00000000c0000000, 0x00000000c7780000, 0x00000000eab00000)
  object space 122368K, 77% used [0x00000000c0000000,0x00000000c5c44000,0x00000000c7780000)
 Metaspace       used 74747K, committed 76032K, reserved 1179648K
  class space    used 7779K, committed 8320K, reserved 1048576K
}
Event: 4776.175 GC heap before
{Heap before GC invocations=92 (full 5):
 PSYoungGen      total 7168K, used 7160K [0x00000000eab00000, 0x00000000ebd00000, 0x0000000100000000)
  eden space 5632K, 100% used [0x00000000eab00000,0x00000000eb080000,0x00000000eb080000)
  from space 1536K, 99% used [0x00000000ebb80000,0x00000000ebcfe160,0x00000000ebd00000)
  to   space 4608K, 0% used [0x00000000eb400000,0x00000000eb400000,0x00000000eb880000)
 ParOldGen       total 122368K, used 94480K [0x00000000c0000000, 0x00000000c7780000, 0x00000000eab00000)
  object space 122368K, 77% used [0x00000000c0000000,0x00000000c5c44000,0x00000000c7780000)
 Metaspace       used 75169K, committed 76416K, reserved 1179648K
  class space    used 7819K, committed 8320K, reserved 1048576K
}
Event: 4776.177 GC heap after
{Heap after GC invocations=92 (full 5):
 PSYoungGen      total 10240K, used 1038K [0x00000000eab00000, 0x00000000ebc00000, 0x0000000100000000)
  eden space 5632K, 0% used [0x00000000eab00000,0x00000000eab00000,0x00000000eb080000)
  from space 4608K, 22% used [0x00000000eb400000,0x00000000eb503b20,0x00000000eb880000)
  to   space 2560K, 0% used [0x00000000eb980000,0x00000000eb980000,0x00000000ebc00000)
 ParOldGen       total 122368K, used 94576K [0x00000000c0000000, 0x00000000c7780000, 0x00000000eab00000)
  object space 122368K, 77% used [0x00000000c0000000,0x00000000c5c5c000,0x00000000c7780000)
 Metaspace       used 75169K, committed 76416K, reserved 1179648K
  class space    used 7819K, committed 8320K, reserved 1048576K
}
Event: 4776.217 GC heap before
{Heap before GC invocations=93 (full 5):
 PSYoungGen      total 10240K, used 6670K [0x00000000eab00000, 0x00000000ebc00000, 0x0000000100000000)
  eden space 5632K, 100% used [0x00000000eab00000,0x00000000eb080000,0x00000000eb080000)
  from space 4608K, 22% used [0x00000000eb400000,0x00000000eb503b20,0x00000000eb880000)
  to   space 2560K, 0% used [0x00000000eb980000,0x00000000eb980000,0x00000000ebc00000)
 ParOldGen       total 122368K, used 94576K [0x00000000c0000000, 0x00000000c7780000, 0x00000000eab00000)
  object space 122368K, 77% used [0x00000000c0000000,0x00000000c5c5c000,0x00000000c7780000)
 Metaspace       used 75214K, committed 76480K, reserved 1179648K
  class space    used 7819K, committed 8320K, reserved 1048576K
}
Event: 4776.221 GC heap after
{Heap after GC invocations=93 (full 5):
 PSYoungGen      total 7680K, used 1726K [0x00000000eab00000, 0x00000000ebb80000, 0x0000000100000000)
  eden space 5632K, 0% used [0x00000000eab00000,0x00000000eab00000,0x00000000eb080000)
  from space 2048K, 84% used [0x00000000eb980000,0x00000000ebb2fb30,0x00000000ebb80000)
  to   space 2048K, 0% used [0x00000000eb780000,0x00000000eb780000,0x00000000eb980000)
 ParOldGen       total 122368K, used 94576K [0x00000000c0000000, 0x00000000c7780000, 0x00000000eab00000)
  object space 122368K, 77% used [0x00000000c0000000,0x00000000c5c5c000,0x00000000c7780000)
 Metaspace       used 75214K, committed 76480K, reserved 1179648K
  class space    used 7819K, committed 8320K, reserved 1048576K
}
Event: 4778.992 GC heap before
{Heap before GC invocations=94 (full 5):
 PSYoungGen      total 7680K, used 7358K [0x00000000eab00000, 0x00000000ebb80000, 0x0000000100000000)
  eden space 5632K, 99% used [0x00000000eab00000,0x00000000eb07fff0,0x00000000eb080000)
  from space 2048K, 84% used [0x00000000eb980000,0x00000000ebb2fb30,0x00000000ebb80000)
  to   space 2048K, 0% used [0x00000000eb780000,0x00000000eb780000,0x00000000eb980000)
 ParOldGen       total 122368K, used 94576K [0x00000000c0000000, 0x00000000c7780000, 0x00000000eab00000)
  object space 122368K, 77% used [0x00000000c0000000,0x00000000c5c5c000,0x00000000c7780000)
 Metaspace       used 75281K, committed 76608K, reserved 1179648K
  class space    used 7821K, committed 8384K, reserved 1048576K
}
Event: 4778.994 GC heap after
{Heap after GC invocations=94 (full 5):
 PSYoungGen      total 7168K, used 1268K [0x00000000eab00000, 0x00000000eba00000, 0x0000000100000000)
  eden space 5632K, 0% used [0x00000000eab00000,0x00000000eab00000,0x00000000eb080000)
  from space 1536K, 82% used [0x00000000eb780000,0x00000000eb8bd220,0x00000000eb900000)
  to   space 1024K, 0% used [0x00000000eb900000,0x00000000eb900000,0x00000000eba00000)
 ParOldGen       total 122368K, used 94576K [0x00000000c0000000, 0x00000000c7780000, 0x00000000eab00000)
  object space 122368K, 77% used [0x00000000c0000000,0x00000000c5c5c000,0x00000000c7780000)
 Metaspace       used 75281K, committed 76608K, reserved 1179648K
  class space    used 7821K, committed 8384K, reserved 1048576K
}
Event: 4780.979 GC heap before
{Heap before GC invocations=95 (full 5):
 PSYoungGen      total 7168K, used 6900K [0x00000000eab00000, 0x00000000eba00000, 0x0000000100000000)
  eden space 5632K, 100% used [0x00000000eab00000,0x00000000eb080000,0x00000000eb080000)
  from space 1536K, 82% used [0x00000000eb780000,0x00000000eb8bd220,0x00000000eb900000)
  to   space 1024K, 0% used [0x00000000eb900000,0x00000000eb900000,0x00000000eba00000)
 ParOldGen       total 122368K, used 94576K [0x00000000c0000000, 0x00000000c7780000, 0x00000000eab00000)
  object space 122368K, 77% used [0x00000000c0000000,0x00000000c5c5c000,0x00000000c7780000)
 Metaspace       used 75312K, committed 76608K, reserved 1179648K
  class space    used 7821K, committed 8384K, reserved 1048576K
}
Event: 4780.982 GC heap after
{Heap after GC invocations=95 (full 5):
 PSYoungGen      total 6656K, used 1006K [0x00000000eab00000, 0x00000000eba00000, 0x0000000100000000)
  eden space 5632K, 0% used [0x00000000eab00000,0x00000000eab00000,0x00000000eb080000)
  from space 1024K, 98% used [0x00000000eb900000,0x00000000eb9fbb10,0x00000000eba00000)
  to   space 1536K, 0% used [0x00000000eb700000,0x00000000eb700000,0x00000000eb880000)
 ParOldGen       total 122368K, used 94592K [0x00000000c0000000, 0x00000000c7780000, 0x00000000eab00000)
  object space 122368K, 77% used [0x00000000c0000000,0x00000000c5c60000,0x00000000c7780000)
 Metaspace       used 75312K, committed 76608K, reserved 1179648K
  class space    used 7821K, committed 8384K, reserved 1048576K
}
Event: 4781.017 GC heap before
{Heap before GC invocations=96 (full 5):
 PSYoungGen      total 6656K, used 6638K [0x00000000eab00000, 0x00000000eba00000, 0x0000000100000000)
  eden space 5632K, 100% used [0x00000000eab00000,0x00000000eb080000,0x00000000eb080000)
  from space 1024K, 98% used [0x00000000eb900000,0x00000000eb9fbb10,0x00000000eba00000)
  to   space 1536K, 0% used [0x00000000eb700000,0x00000000eb700000,0x00000000eb880000)
 ParOldGen       total 122368K, used 94592K [0x00000000c0000000, 0x00000000c7780000, 0x00000000eab00000)
  object space 122368K, 77% used [0x00000000c0000000,0x00000000c5c60000,0x00000000c7780000)
 Metaspace       used 75319K, committed 76608K, reserved 1179648K
  class space    used 7821K, committed 8384K, reserved 1048576K
}
Event: 4781.020 GC heap after
{Heap after GC invocations=96 (full 5):
 PSYoungGen      total 7168K, used 1316K [0x00000000eab00000, 0x00000000eb980000, 0x0000000100000000)
  eden space 5632K, 0% used [0x00000000eab00000,0x00000000eab00000,0x00000000eb080000)
  from space 1536K, 85% used [0x00000000eb700000,0x00000000eb849230,0x00000000eb880000)
  to   space 1024K, 0% used [0x00000000eb880000,0x00000000eb880000,0x00000000eb980000)
 ParOldGen       total 122368K, used 94956K [0x00000000c0000000, 0x00000000c7780000, 0x00000000eab00000)
  object space 122368K, 77% used [0x00000000c0000000,0x00000000c5cbb200,0x00000000c7780000)
 Metaspace       used 75319K, committed 76608K, reserved 1179648K
  class space    used 7821K, committed 8384K, reserved 1048576K
}
Event: 4783.213 GC heap before
{Heap before GC invocations=97 (full 5):
 PSYoungGen      total 7168K, used 6936K [0x00000000eab00000, 0x00000000eb980000, 0x0000000100000000)
  eden space 5632K, 99% used [0x00000000eab00000,0x00000000eb07cdf8,0x00000000eb080000)
  from space 1536K, 85% used [0x00000000eb700000,0x00000000eb849230,0x00000000eb880000)
  to   space 1024K, 0% used [0x00000000eb880000,0x00000000eb880000,0x00000000eb980000)
 ParOldGen       total 122368K, used 94956K [0x00000000c0000000, 0x00000000c7780000, 0x00000000eab00000)
  object space 122368K, 77% used [0x00000000c0000000,0x00000000c5cbb200,0x00000000c7780000)
 Metaspace       used 75414K, committed 76736K, reserved 1179648K
  class space    used 7824K, committed 8384K, reserved 1048576K
}
Event: 4783.214 GC heap after
{Heap after GC invocations=97 (full 5):
 PSYoungGen      total 6656K, used 768K [0x00000000eab00000, 0x00000000eb980000, 0x0000000100000000)
  eden space 5632K, 0% used [0x00000000eab00000,0x00000000eab00000,0x00000000eb080000)
  from space 1024K, 75% used [0x00000000eb880000,0x00000000eb940020,0x00000000eb980000)
  to   space 1024K, 0% used [0x00000000eb780000,0x00000000eb780000,0x00000000eb880000)
 ParOldGen       total 122368K, used 94956K [0x00000000c0000000, 0x00000000c7780000, 0x00000000eab00000)
  object space 122368K, 77% used [0x00000000c0000000,0x00000000c5cbb200,0x00000000c7780000)
 Metaspace       used 75414K, committed 76736K, reserved 1179648K
  class space    used 7824K, committed 8384K, reserved 1048576K
}
Event: 4783.245 GC heap before
{Heap before GC invocations=98 (full 5):
 PSYoungGen      total 6656K, used 6400K [0x00000000eab00000, 0x00000000eb980000, 0x0000000100000000)
  eden space 5632K, 100% used [0x00000000eab00000,0x00000000eb080000,0x00000000eb080000)
  from space 1024K, 75% used [0x00000000eb880000,0x00000000eb940020,0x00000000eb980000)
  to   space 1024K, 0% used [0x00000000eb780000,0x00000000eb780000,0x00000000eb880000)
 ParOldGen       total 122368K, used 94956K [0x00000000c0000000, 0x00000000c7780000, 0x00000000eab00000)
  object space 122368K, 77% used [0x00000000c0000000,0x00000000c5cbb200,0x00000000c7780000)
 Metaspace       used 75432K, committed 76736K, reserved 1179648K
  class space    used 7824K, committed 8384K, reserved 1048576K
}
Event: 4783.247 GC heap after
{Heap after GC invocations=98 (full 5):
 PSYoungGen      total 6656K, used 1012K [0x00000000eab00000, 0x00000000eb900000, 0x0000000100000000)
  eden space 5632K, 0% used [0x00000000eab00000,0x00000000eab00000,0x00000000eb080000)
  from space 1024K, 98% used [0x00000000eb780000,0x00000000eb87d220,0x00000000eb880000)
  to   space 512K, 0% used [0x00000000eb880000,0x00000000eb880000,0x00000000eb900000)
 ParOldGen       total 122368K, used 95292K [0x00000000c0000000, 0x00000000c7780000, 0x00000000eab00000)
  object space 122368K, 77% used [0x00000000c0000000,0x00000000c5d0f260,0x00000000c7780000)
 Metaspace       used 75432K, committed 76736K, reserved 1179648K
  class space    used 7824K, committed 8384K, reserved 1048576K
}
Event: 4783.438 GC heap before
{Heap before GC invocations=99 (full 5):
 PSYoungGen      total 6656K, used 6644K [0x00000000eab00000, 0x00000000eb900000, 0x0000000100000000)
  eden space 5632K, 100% used [0x00000000eab00000,0x00000000eb080000,0x00000000eb080000)
  from space 1024K, 98% used [0x00000000eb780000,0x00000000eb87d220,0x00000000eb880000)
  to   space 512K, 0% used [0x00000000eb880000,0x00000000eb880000,0x00000000eb900000)
 ParOldGen       total 122368K, used 95292K [0x00000000c0000000, 0x00000000c7780000, 0x00000000eab00000)
  object space 122368K, 77% used [0x00000000c0000000,0x00000000c5d0f260,0x00000000c7780000)
 Metaspace       used 75561K, committed 76864K, reserved 1179648K
  class space    used 7825K, committed 8384K, reserved 1048576K
}
Event: 4783.442 GC heap after
{Heap after GC invocations=99 (full 5):
 PSYoungGen      total 6144K, used 512K [0x00000000eab00000, 0x00000000eb900000, 0x0000000100000000)
  eden space 5632K, 0% used [0x00000000eab00000,0x00000000eab00000,0x00000000eb080000)
  from space 512K, 100% used [0x00000000eb880000,0x00000000eb900000,0x00000000eb900000)
  to   space 2560K, 0% used [0x00000000eb400000,0x00000000eb400000,0x00000000eb680000)
 ParOldGen       total 122368K, used 96933K [0x00000000c0000000, 0x00000000c7780000, 0x00000000eab00000)
  object space 122368K, 79% used [0x00000000c0000000,0x00000000c5ea9438,0x00000000c7780000)
 Metaspace       used 75561K, committed 76864K, reserved 1179648K
  class space    used 7825K, committed 8384K, reserved 1048576K
}

