# JRE version: Java(TM) SE Runtime Environment (17.0.2+8) (build 17.0.2+8-LTS-86)
# Java VM: Java HotSpot(TM) 64-Bit Server VM (17.0.2+8-LTS-86, mixed mode, sharing, tiered, compressed oops, compressed class ptrs, g1 gc, windows-amd64)
GC Precious Log:
 CPUs: 8 total, 8 available
 Memory: 8028M
 Large Page Support: Disabled
 NUMA Support: Disabled
 Compressed Oops: Enabled (32-bit)
 Heap Region Size: 1M
 Heap Min Capacity: 8M
 Heap Initial Capacity: 126M
 Heap Max Capacity: 2008M
 Pre-touch: Disabled
 Parallel Workers: 8
 Concurrent Workers: 2
 Concurrent Refinement Workers: 8
 Periodic GC: Disabled
Heap:
 garbage-first heap   total 144384K, used 46737K [0x0000000082800000, 0x0000000100000000)
  region size 1024K, 14 young (14336K), 8 survivors (8192K)
 Metaspace       used 91307K, committed 92544K, reserved 1130496K
  class space    used 11617K, committed 12224K, reserved 1048576K
GC Heap History (20 events):
Event: 283.250 GC heap before
{Heap before GC invocations=65 (full 6):
 garbage-first heap   total 122880K, used 100827K [0x0000000082800000, 0x0000000100000000)
  region size 1024K, 28 young (28672K), 2 survivors (2048K)
 Metaspace       used 87171K, committed 88384K, reserved 1130496K
  class space    used 11133K, committed 11712K, reserved 1048576K
}
Event: 283.255 GC heap after
{Heap after GC invocations=66 (full 6):
 garbage-first heap   total 122880K, used 77398K [0x0000000082800000, 0x0000000100000000)
  region size 1024K, 4 young (4096K), 4 survivors (4096K)
 Metaspace       used 87171K, committed 88384K, reserved 1130496K
  class space    used 11133K, committed 11712K, reserved 1048576K
}
Event: 283.980 GC heap before
{Heap before GC invocations=66 (full 6):
 garbage-first heap   total 122880K, used 100950K [0x0000000082800000, 0x0000000100000000)
  region size 1024K, 28 young (28672K), 4 survivors (4096K)
 Metaspace       used 87230K, committed 88448K, reserved 1130496K
  class space    used 11137K, committed 11712K, reserved 1048576K
}
Event: 283.986 GC heap after
{Heap after GC invocations=67 (full 6):
 garbage-first heap   total 122880K, used 78548K [0x0000000082800000, 0x0000000100000000)
  region size 1024K, 2 young (2048K), 2 survivors (2048K)
 Metaspace       used 87230K, committed 88448K, reserved 1130496K
  class space    used 11137K, committed 11712K, reserved 1048576K
}
Event: 284.576 GC heap before
{Heap before GC invocations=67 (full 6):
 garbage-first heap   total 122880K, used 101076K [0x0000000082800000, 0x0000000100000000)
  region size 1024K, 25 young (25600K), 2 survivors (2048K)
 Metaspace       used 87385K, committed 88576K, reserved 1130496K
  class space    used 11148K, committed 11712K, reserved 1048576K
}
Event: 284.581 GC heap after
{Heap after GC invocations=68 (full 6):
 garbage-first heap   total 122880K, used 79783K [0x0000000082800000, 0x0000000100000000)
  region size 1024K, 4 young (4096K), 4 survivors (4096K)
 Metaspace       used 87385K, committed 88576K, reserved 1130496K
  class space    used 11148K, committed 11712K, reserved 1048576K
}
Event: 284.810 GC heap before
{Heap before GC invocations=68 (full 6):
 garbage-first heap   total 122880K, used 101287K [0x0000000082800000, 0x0000000100000000)
  region size 1024K, 25 young (25600K), 4 survivors (4096K)
 Metaspace       used 87496K, committed 88768K, reserved 1130496K
  class space    used 11154K, committed 11776K, reserved 1048576K
}
Event: 284.816 GC heap after
{Heap after GC invocations=69 (full 6):
 garbage-first heap   total 122880K, used 81512K [0x0000000082800000, 0x0000000100000000)
  region size 1024K, 4 young (4096K), 4 survivors (4096K)
 Metaspace       used 87496K, committed 88768K, reserved 1130496K
  class space    used 11154K, committed 11776K, reserved 1048576K
}
Event: 300.206 GC heap before
{Heap before GC invocations=69 (full 6):
 garbage-first heap   total 122880K, used 101992K [0x0000000082800000, 0x0000000100000000)
  region size 1024K, 24 young (24576K), 4 survivors (4096K)
 Metaspace       used 87499K, committed 88768K, reserved 1130496K
  class space    used 11154K, committed 11776K, reserved 1048576K
}
Event: 300.209 GC heap after
{Heap after GC invocations=70 (full 6):
 garbage-first heap   total 122880K, used 81731K [0x0000000082800000, 0x0000000100000000)
  region size 1024K, 1 young (1024K), 1 survivors (1024K)
 Metaspace       used 87499K, committed 88768K, reserved 1130496K
  class space    used 11154K, committed 11776K, reserved 1048576K
}
Event: 307.500 GC heap before
{Heap before GC invocations=70 (full 6):
 garbage-first heap   total 122880K, used 87875K [0x0000000082800000, 0x0000000100000000)
  region size 1024K, 9 young (9216K), 1 survivors (1024K)
 Metaspace       used 87503K, committed 88768K, reserved 1130496K
  class space    used 11155K, committed 11776K, reserved 1048576K
}
Event: 307.583 GC heap after
{Heap after GC invocations=71 (full 7):
 garbage-first heap   total 122880K, used 34143K [0x0000000082800000, 0x0000000100000000)
  region size 1024K, 0 young (0K), 0 survivors (0K)
 Metaspace       used 87465K, committed 88768K, reserved 1130496K
  class space    used 11148K, committed 11776K, reserved 1048576K
}
Event: 308.301 GC heap before
{Heap before GC invocations=71 (full 7):
 garbage-first heap   total 122880K, used 92511K [0x0000000082800000, 0x0000000100000000)
  region size 1024K, 58 young (59392K), 0 survivors (0K)
 Metaspace       used 87731K, committed 88960K, reserved 1130496K
  class space    used 11171K, committed 11776K, reserved 1048576K
}
Event: 308.306 GC heap after
{Heap after GC invocations=72 (full 7):
 garbage-first heap   total 122880K, used 38406K [0x0000000082800000, 0x0000000100000000)
  region size 1024K, 5 young (5120K), 5 survivors (5120K)
 Metaspace       used 87731K, committed 88960K, reserved 1130496K
  class space    used 11171K, committed 11776K, reserved 1048576K
}
Event: 314.359 GC heap before
{Heap before GC invocations=72 (full 7):
 garbage-first heap   total 122880K, used 73222K [0x0000000082800000, 0x0000000100000000)
  region size 1024K, 40 young (40960K), 5 survivors (5120K)
 Metaspace       used 87830K, committed 89024K, reserved 1130496K
  class space    used 11177K, committed 11776K, reserved 1048576K
}
Event: 314.452 GC heap after
{Heap after GC invocations=73 (full 8):
 garbage-first heap   total 119808K, used 33863K [0x0000000082800000, 0x0000000100000000)
  region size 1024K, 0 young (0K), 0 survivors (0K)
 Metaspace       used 87827K, committed 89024K, reserved 1130496K
  class space    used 11177K, committed 11776K, reserved 1048576K
}
Event: 314.980 GC heap before
{Heap before GC invocations=73 (full 8):
 garbage-first heap   total 119808K, used 90183K [0x0000000082800000, 0x0000000100000000)
  region size 1024K, 56 young (57344K), 0 survivors (0K)
 Metaspace       used 88080K, committed 89280K, reserved 1130496K
  class space    used 11198K, committed 11776K, reserved 1048576K
}
Event: 314.984 GC heap after
{Heap after GC invocations=74 (full 8):
 garbage-first heap   total 144384K, used 38383K [0x0000000082800000, 0x0000000100000000)
  region size 1024K, 5 young (5120K), 5 survivors (5120K)
 Metaspace       used 88080K, committed 89280K, reserved 1130496K
  class space    used 11198K, committed 11776K, reserved 1048576K
}
Event: 333.168 GC heap before
{Heap before GC invocations=74 (full 8):
 garbage-first heap   total 144384K, used 103919K [0x0000000082800000, 0x0000000100000000)
  region size 1024K, 70 young (71680K), 5 survivors (5120K)
 Metaspace       used 91301K, committed 92544K, reserved 1130496K
  class space    used 11616K, committed 12224K, reserved 1048576K
}
Event: 333.178 GC heap after
{Heap after GC invocations=75 (full 8):
 garbage-first heap   total 144384K, used 41617K [0x0000000082800000, 0x0000000100000000)
  region size 1024K, 8 young (8192K), 8 survivors (8192K)
 Metaspace       used 91301K, committed 92544K, reserved 1130496K
  class space    used 11616K, committed 12224K, reserved 1048576K
}

